 (2017-07-31 14:55:44.888940)  can0  001   [8]  09 00 00 80 00 80 00 00
 (2017-07-31 14:55:44.889417)  can0  002   [8]  09 00 00 00 3E 02 9E 00
 (2017-07-31 14:55:44.938926)  can0  001   [8]  09 00 00 80 00 80 00 00
 (2017-07-31 14:55:44.939429)  can0  002   [8]  09 00 00 00 3E 02 9E 00
 (2017-07-31 14:55:44.988955)  can0  001   [8]  09 00 00 80 00 80 00 00
 (2017-07-31 14:55:44.989427)  can0  002   [8]  09 00 00 00 3E 02 9E 00
 (2017-07-31 14:55:45.038993)  can0  001   [8]  09 00 00 80 00 80 00 00
 (2017-07-31 14:55:45.039468)  can0  002   [8]  09 00 00 00 3E 02 9E 00
 (2017-07-31 14:55:45.088975)  can0  001   [8]  09 00 00 80 00 80 00 00
 (2017-07-31 14:55:45.089448)  can0  002   [8]  09 00 00 00 3E 02 9E 00
 (2017-07-31 14:55:45.138901)  can0  602   [8]  40 00 10 00 00 00 00 00
 (2017-07-31 14:55:45.139380)  can0  001   [8]  09 00 00 80 00 80 00 00
 (2017-07-31 14:55:45.139879)  can0  002   [8]  09 00 00 00 3E 02 9E 00
 (2017-07-31 14:55:45.188976)  can0  001   [8]  09 00 00 80 00 80 00 00
 (2017-07-31 14:55:45.189451)  can0  002   [8]  09 00 00 00 3E 02 9E 00
 (2017-07-31 14:55:45.239048)  can0  001   [8]  09 00 00 80 00 80 00 00
 (2017-07-31 14:55:45.239521)  can0  002   [8]  09 00 00 00 3E 02 9E 00
 (2017-07-31 14:55:45.289050)  can0  001   [8]  09 00 00 80 00 80 00 00
 (2017-07-31 14:55:45.289521)  can0  002   [8]  09 00 00 00 3E 02 9E 00
 (2017-07-31 14:55:45.339055)  can0  001   [8]  09 00 00 80 00 80 00 00
 (2017-07-31 14:55:45.339530)  can0  002   [8]  09 00 00 00 3E 02 9E 00
 (2017-07-31 14:55:45.389078)  can0  001   [8]  09 00 00 80 00 80 00 00
 (2017-07-31 14:55:45.389551)  can0  002   [8]  09 00 00 00 3E 02 9E 00
 (2017-07-31 14:55:45.439106)  can0  001   [8]  09 00 00 80 00 80 00 00
 (2017-07-31 14:55:45.439574)  can0  002   [8]  09 00 00 00 3E 02 9E 00
 (2017-07-31 14:55:45.489121)  can0  001   [8]  09 00 00 80 00 80 00 00
 (2017-07-31 14:55:45.489576)  can0  002   [8]  09 00 00 00 3E 02 9E 00
 (2017-07-31 14:55:45.539113)  can0  001   [8]  09 00 00 80 00 80 00 00
 (2017-07-31 14:55:45.539585)  can0  002   [8]  09 00 00 00 3E 02 9E 00
 (2017-07-31 14:55:45.589200)  can0  001   [8]  09 00 00 80 00 80 00 00
 (2017-07-31 14:55:45.589662)  can0  002   [8]  09 00 00 00 3E 02 9E 00
 (2017-07-31 14:55:45.639165)  can0  001   [8]  09 00 00 80 00 80 00 00
 (2017-07-31 14:55:45.639614)  can0  002   [8]  09 00 00 00 3E 02 9E 00
 (2017-07-31 14:55:45.649128)  can0  602   [8]  40 00 10 00 00 00 00 00
 (2017-07-31 14:55:45.689203)  can0  001   [8]  09 00 00 80 00 80 00 00
 (2017-07-31 14:55:45.689686)  can0  002   [8]  09 00 00 00 3E 02 9E 00
 (2017-07-31 14:55:45.739279)  can0  001   [8]  09 00 00 80 00 80 00 00
 (2017-07-31 14:55:45.739717)  can0  002   [8]  09 00 00 00 3E 02 9E 00
 (2017-07-31 14:55:45.789262)  can0  001   [8]  09 00 00 80 00 80 00 00
 (2017-07-31 14:55:45.789730)  can0  002   [8]  09 00 00 00 3E 02 9E 00
 (2017-07-31 14:55:45.839321)  can0  001   [8]  09 00 00 80 00 80 00 00
 (2017-07-31 14:55:45.839761)  can0  002   [8]  09 00 00 00 3E 02 9E 00
 (2017-07-31 14:55:45.889295)  can0  001   [8]  09 00 00 80 00 80 00 00
 (2017-07-31 14:55:45.889760)  can0  002   [8]  09 00 00 00 3E 02 9E 00
 (2017-07-31 14:55:45.939370)  can0  001   [8]  09 00 00 80 00 80 00 00
 (2017-07-31 14:55:45.939811)  can0  002   [8]  09 00 00 00 3E 02 9E 00
 (2017-07-31 14:55:45.989292)  can0  001   [8]  09 00 00 80 00 80 00 00
 (2017-07-31 14:55:45.989762)  can0  002   [8]  09 00 00 00 3E 02 9E 00
 (2017-07-31 14:55:46.039350)  can0  001   [8]  09 00 00 80 00 80 00 00
 (2017-07-31 14:55:46.039825)  can0  002   [8]  09 00 00 00 3E 02 9E 00
 (2017-07-31 14:55:46.089378)  can0  001   [8]  09 00 00 80 00 80 00 00
 (2017-07-31 14:55:46.089850)  can0  002   [8]  09 00 00 00 3E 02 9E 00
 (2017-07-31 14:55:46.139393)  can0  001   [8]  09 00 00 80 00 80 00 00
 (2017-07-31 14:55:46.139867)  can0  002   [8]  09 00 00 00 3E 02 9E 00
 (2017-07-31 14:55:46.159230)  can0  602   [8]  40 00 10 00 00 00 00 00
 (2017-07-31 14:55:46.189396)  can0  001   [8]  09 00 00 80 00 80 00 00
 (2017-07-31 14:55:46.189872)  can0  002   [8]  09 00 00 00 3E 02 9E 00
 (2017-07-31 14:55:46.239405)  can0  001   [8]  09 00 00 80 00 80 00 00
 (2017-07-31 14:55:46.239876)  can0  002   [8]  09 00 00 00 3E 02 9E 00
 (2017-07-31 14:55:46.289437)  can0  001   [8]  09 00 00 80 00 80 00 00
 (2017-07-31 14:55:46.289909)  can0  002   [8]  09 00 00 00 3E 02 9E 00
 (2017-07-31 14:55:46.339475)  can0  001   [8]  09 00 00 80 00 80 00 00
 (2017-07-31 14:55:46.339939)  can0  002   [8]  09 00 00 00 3E 02 9E 00
 (2017-07-31 14:55:46.389424)  can0  001   [8]  09 00 00 80 00 80 00 00
 (2017-07-31 14:55:46.389895)  can0  002   [8]  09 00 00 00 3E 02 9E 00
 (2017-07-31 14:55:46.439496)  can0  001   [8]  09 00 00 80 00 80 00 00
 (2017-07-31 14:55:46.439963)  can0  002   [8]  09 00 00 00 3E 02 9E 00
 (2017-07-31 14:55:46.489523)  can0  001   [8]  09 00 00 80 00 80 00 00
 (2017-07-31 14:55:46.489998)  can0  002   [8]  09 00 00 00 3E 02 9E 00
 (2017-07-31 14:55:46.539530)  can0  001   [8]  09 00 00 80 00 80 00 00
 (2017-07-31 14:55:46.539992)  can0  002   [8]  09 00 00 00 3E 02 9E 00
 (2017-07-31 14:55:46.589542)  can0  001   [8]  09 00 00 80 00 80 00 00
 (2017-07-31 14:55:46.590017)  can0  002   [8]  09 00 00 00 3E 02 9E 00
 (2017-07-31 14:55:46.639566)  can0  001   [8]  09 00 00 80 00 80 00 00
 (2017-07-31 14:55:46.640027)  can0  002   [8]  09 00 00 00 3E 02 9E 00
 (2017-07-31 14:55:46.669395)  can0  602   [8]  40 00 10 00 00 00 00 00
 (2017-07-31 14:55:46.689616)  can0  001   [8]  09 00 00 80 00 80 00 00
 (2017-07-31 14:55:46.690083)  can0  002   [8]  09 00 00 00 3E 02 9E 00
 (2017-07-31 14:55:46.739682)  can0  001   [8]  09 00 00 80 00 80 00 00
 (2017-07-31 14:55:46.740120)  can0  002   [8]  09 00 00 00 3E 02 9E 00
 (2017-07-31 14:55:46.789677)  can0  001   [8]  09 00 00 80 00 80 00 00
 (2017-07-31 14:55:46.790140)  can0  002   [8]  09 00 00 00 3E 02 9E 00
 (2017-07-31 14:55:46.839732)  can0  001   [8]  09 00 00 80 00 80 00 00
 (2017-07-31 14:55:46.840170)  can0  002   [8]  09 00 00 00 3E 02 9E 00
 (2017-07-31 14:55:46.889697)  can0  001   [8]  09 00 00 80 00 80 00 00
 (2017-07-31 14:55:46.890145)  can0  002   [8]  09 00 00 00 3E 02 9E 00
 (2017-07-31 14:55:46.939718)  can0  001   [8]  09 00 00 80 00 80 00 00
 (2017-07-31 14:55:46.940143)  can0  002   [8]  09 00 00 00 3E 02 9E 00
 (2017-07-31 14:55:46.989731)  can0  001   [8]  09 00 00 80 00 80 00 00
 (2017-07-31 14:55:46.990201)  can0  002   [8]  09 00 00 00 3E 02 9E 00
 (2017-07-31 14:55:47.039783)  can0  001   [8]  09 00 00 80 00 80 00 00
 (2017-07-31 14:55:47.040219)  can0  002   [8]  09 00 00 00 3E 02 9E 00
 (2017-07-31 14:55:47.089718)  can0  001   [8]  09 00 00 80 00 80 00 00
 (2017-07-31 14:55:47.090185)  can0  002   [8]  09 00 00 00 3E 02 9E 00
 (2017-07-31 14:55:47.139836)  can0  001   [8]  09 00 00 80 00 80 00 00
 (2017-07-31 14:55:47.140256)  can0  002   [8]  09 00 00 00 3E 02 9E 00
 (2017-07-31 14:55:47.179687)  can0  602   [8]  40 00 10 00 00 00 00 00
 (2017-07-31 14:55:47.189803)  can0  001   [8]  09 00 00 80 00 80 00 00
 (2017-07-31 14:55:47.190269)  can0  002   [8]  09 00 00 00 3E 02 9E 00
 (2017-07-31 14:55:47.239803)  can0  001   [8]  09 00 00 80 00 80 00 00
 (2017-07-31 14:55:47.240248)  can0  002   [8]  09 00 00 00 3E 02 9E 00
 (2017-07-31 14:55:47.289836)  can0  001   [8]  09 00 00 80 00 80 00 00
 (2017-07-31 14:55:47.290292)  can0  002   [8]  09 00 00 00 3E 02 9E 00
 (2017-07-31 14:55:47.339950)  can0  001   [8]  09 00 00 80 00 80 00 00
 (2017-07-31 14:55:47.340348)  can0  002   [8]  09 00 00 00 3E 02 9E 00
 (2017-07-31 14:55:47.389868)  can0  001   [8]  09 00 00 80 00 80 00 00
 (2017-07-31 14:55:47.390321)  can0  002   [8]  09 00 00 00 3E 02 9E 00
 (2017-07-31 14:55:47.439961)  can0  001   [8]  09 00 00 80 00 80 00 00
 (2017-07-31 14:55:47.440376)  can0  002   [8]  09 00 00 00 3E 02 9E 00
 (2017-07-31 14:55:47.489928)  can0  001   [8]  09 00 00 80 00 80 00 00
 (2017-07-31 14:55:47.490382)  can0  002   [8]  09 00 00 00 3E 02 9E 00
 (2017-07-31 14:55:47.540016)  can0  001   [8]  09 00 00 80 00 80 00 00
 (2017-07-31 14:55:47.540390)  can0  002   [8]  09 00 00 00 3E 02 9E 00
 (2017-07-31 14:55:47.589961)  can0  001   [8]  09 00 00 80 00 80 00 00
 (2017-07-31 14:55:47.590420)  can0  002   [8]  09 00 00 00 3E 02 9E 00
 (2017-07-31 14:55:47.640034)  can0  001   [8]  09 00 00 80 00 80 00 00
 (2017-07-31 14:55:47.640439)  can0  002   [8]  09 00 00 00 3E 02 9E 00
 (2017-07-31 14:55:47.689813)  can0  602   [8]  40 00 10 00 00 00 00 00
 (2017-07-31 14:55:47.690272)  can0  001   [8]  09 00 00 80 00 80 00 00
 (2017-07-31 14:55:47.690777)  can0  002   [8]  09 00 00 00 3E 02 9E 00
 (2017-07-31 14:55:47.740107)  can0  001   [8]  09 00 00 80 00 80 00 00
 (2017-07-31 14:55:47.740476)  can0  002   [8]  09 00 00 00 3E 02 9E 00
 (2017-07-31 14:55:47.790016)  can0  001   [8]  09 00 00 80 00 80 00 00
 (2017-07-31 14:55:47.790472)  can0  002   [8]  09 00 00 00 3E 02 9E 00
 (2017-07-31 14:55:47.840171)  can0  001   [8]  09 00 00 80 00 80 00 00
 (2017-07-31 14:55:47.840531)  can0  002   [8]  09 00 00 00 3E 02 9E 00
 (2017-07-31 14:55:47.890047)  can0  001   [8]  09 00 00 80 00 80 00 00
 (2017-07-31 14:55:47.890514)  can0  002   [8]  09 00 00 00 3E 02 9E 00
 (2017-07-31 14:55:47.940080)  can0  001   [8]  09 00 00 80 00 80 00 00
 (2017-07-31 14:55:47.940558)  can0  002   [8]  09 00 00 00 3E 02 9E 00
 (2017-07-31 14:55:47.990085)  can0  001   [8]  09 00 00 80 00 80 00 00
 (2017-07-31 14:55:47.990540)  can0  002   [8]  09 00 00 00 3E 02 9E 00
 (2017-07-31 14:55:48.040088)  can0  001   [8]  09 00 00 80 00 80 00 00
 (2017-07-31 14:55:48.040555)  can0  002   [8]  09 00 00 00 3E 02 9E 00
 (2017-07-31 14:55:48.090126)  can0  001   [8]  09 00 00 80 00 80 00 00
 (2017-07-31 14:55:48.090585)  can0  002   [8]  09 00 00 00 3E 02 9E 00
 (2017-07-31 14:55:48.140169)  can0  001   [8]  09 00 00 80 00 80 00 00
 (2017-07-31 14:55:48.140618)  can0  002   [8]  09 00 00 00 3E 02 9E 00
 (2017-07-31 14:55:48.190192)  can0  001   [8]  09 00 00 80 00 80 00 00
 (2017-07-31 14:55:48.190642)  can0  002   [8]  09 00 00 00 3E 02 9E 00
 (2017-07-31 14:55:48.200029)  can0  602   [8]  40 00 10 00 00 00 00 00
 (2017-07-31 14:55:48.240185)  can0  001   [8]  09 00 00 80 00 80 00 00
 (2017-07-31 14:55:48.240644)  can0  002   [8]  09 00 00 00 3E 02 9E 00
