 (2017-07-27 14:55:17.070337)  can0  001   [8]  00 00 00 80 00 80 00 00
 (2017-07-27 14:55:17.070844)  can0  002   [8]  00 00 00 00 00 00 00 00
 (2017-07-27 14:55:17.120295)  can0  001   [8]  00 00 00 80 00 80 00 00
 (2017-07-27 14:55:17.120786)  can0  002   [8]  00 00 00 00 00 00 00 00
 (2017-07-27 14:55:17.170279)  can0  001   [8]  00 00 00 80 00 80 00 00
 (2017-07-27 14:55:17.170797)  can0  002   [8]  00 00 00 00 00 00 00 00
 (2017-07-27 14:55:17.220347)  can0  001   [8]  00 00 00 80 00 80 00 00
 (2017-07-27 14:55:17.220870)  can0  002   [8]  00 00 00 00 00 00 00 00
 (2017-07-27 14:55:17.270368)  can0  001   [8]  00 00 00 80 00 80 00 00
 (2017-07-27 14:55:17.270876)  can0  002   [8]  00 00 00 00 00 00 00 00
 (2017-07-27 14:55:17.310244)  can0  602   [8]  40 00 10 00 00 00 00 00
 (2017-07-27 14:55:17.320406)  can0  001   [8]  00 00 00 80 00 80 00 00
 (2017-07-27 14:55:17.320923)  can0  002   [8]  00 00 00 00 00 00 00 00
 (2017-07-27 14:55:17.370406)  can0  001   [8]  00 00 00 80 00 80 00 00
 (2017-07-27 14:55:17.370920)  can0  002   [8]  00 00 00 00 00 00 00 00
 (2017-07-27 14:55:17.420422)  can0  001   [8]  00 00 00 80 00 80 00 00
 (2017-07-27 14:55:17.420942)  can0  002   [8]  00 00 00 00 00 00 00 00
 (2017-07-27 14:55:17.470454)  can0  001   [8]  00 00 00 80 00 80 00 00
 (2017-07-27 14:55:17.470957)  can0  002   [8]  00 00 00 00 00 00 00 00
 (2017-07-27 14:55:17.520479)  can0  001   [8]  00 00 00 80 00 80 00 00
 (2017-07-27 14:55:17.520993)  can0  002   [8]  00 00 00 00 00 00 00 00
 (2017-07-27 14:55:17.570444)  can0  001   [8]  00 00 00 80 00 80 00 00
 (2017-07-27 14:55:17.570964)  can0  002   [8]  00 00 00 00 00 00 00 00
 (2017-07-27 14:55:17.620566)  can0  001   [8]  00 00 00 80 00 80 00 00
 (2017-07-27 14:55:17.621052)  can0  002   [8]  00 00 00 00 00 00 00 00
 (2017-07-27 14:55:17.670542)  can0  001   [8]  00 00 00 80 00 80 00 00
 (2017-07-27 14:55:17.671052)  can0  002   [8]  00 00 00 00 00 00 00 00
 (2017-07-27 14:55:17.720566)  can0  001   [8]  00 00 00 80 00 80 00 00
 (2017-07-27 14:55:17.721072)  can0  002   [8]  00 00 00 00 00 00 00 00
 (2017-07-27 14:55:17.770516)  can0  001   [8]  00 00 00 80 00 80 00 00
 (2017-07-27 14:55:17.771040)  can0  002   [8]  00 00 00 00 00 00 00 00
 (2017-07-27 14:55:17.820450)  can0  602   [8]  40 00 10 00 00 00 00 00
 (2017-07-27 14:55:17.820970)  can0  001   [8]  00 00 00 80 00 80 00 00
 (2017-07-27 14:55:17.821494)  can0  002   [8]  00 00 00 00 00 00 00 00
 (2017-07-27 14:55:17.870636)  can0  001   [8]  00 00 00 80 00 80 00 00
 (2017-07-27 14:55:17.871147)  can0  002   [8]  00 00 00 00 00 00 00 00
 (2017-07-27 14:55:17.920647)  can0  001   [8]  00 00 00 80 00 80 00 00
 (2017-07-27 14:55:17.921169)  can0  002   [8]  00 00 00 00 00 00 00 00
 (2017-07-27 14:55:17.970665)  can0  001   [8]  00 00 00 80 00 80 00 00
 (2017-07-27 14:55:17.971176)  can0  002   [8]  00 00 00 00 00 00 00 00
 (2017-07-27 14:55:18.020679)  can0  001   [8]  00 00 00 80 00 80 00 00
 (2017-07-27 14:55:18.021200)  can0  002   [8]  00 00 00 00 00 00 00 00
 (2017-07-27 14:55:18.070701)  can0  001   [8]  00 00 00 80 00 80 00 00
 (2017-07-27 14:55:18.071215)  can0  002   [8]  00 00 00 00 00 00 00 00
 (2017-07-27 14:55:18.120714)  can0  001   [8]  00 00 00 80 00 80 00 00
 (2017-07-27 14:55:18.121230)  can0  002   [8]  00 00 00 00 00 00 00 00
 (2017-07-27 14:55:18.170735)  can0  001   [8]  00 00 00 80 00 80 00 00
 (2017-07-27 14:55:18.171247)  can0  002   [8]  00 00 00 00 00 00 00 00
 (2017-07-27 14:55:18.220757)  can0  001   [8]  00 00 00 80 00 80 00 00
 (2017-07-27 14:55:18.221270)  can0  002   [8]  00 00 00 00 00 00 00 00
 (2017-07-27 14:55:18.270805)  can0  001   [8]  00 00 00 80 00 80 00 00
 (2017-07-27 14:55:18.271317)  can0  002   [8]  00 00 00 00 00 00 00 00
 (2017-07-27 14:55:18.320811)  can0  001   [8]  00 00 00 80 00 80 00 00
 (2017-07-27 14:55:18.321339)  can0  002   [8]  00 00 00 00 00 00 00 00
 (2017-07-27 14:55:18.330663)  can0  602   [8]  40 00 10 00 00 00 00 00
 (2017-07-27 14:55:18.370816)  can0  001   [8]  00 00 00 80 00 80 00 00
 (2017-07-27 14:55:18.371330)  can0  002   [8]  00 00 00 00 00 00 00 00
 (2017-07-27 14:55:18.420850)  can0  001   [8]  00 00 00 80 00 80 00 00
 (2017-07-27 14:55:18.421369)  can0  002   [8]  00 00 00 00 00 00 00 00
 (2017-07-27 14:55:18.470825)  can0  001   [8]  00 00 00 80 00 80 00 00
 (2017-07-27 14:55:18.471329)  can0  002   [8]  00 00 00 00 00 00 00 00
 (2017-07-27 14:55:18.520891)  can0  001   [8]  00 00 00 80 00 80 00 00
 (2017-07-27 14:55:18.521406)  can0  002   [8]  00 00 00 00 00 00 00 00
 (2017-07-27 14:55:18.570928)  can0  001   [8]  00 00 00 80 00 80 00 00
 (2017-07-27 14:55:18.571445)  can0  002   [8]  00 00 00 00 00 00 00 00
 (2017-07-27 14:55:18.620891)  can0  001   [8]  00 00 00 80 00 80 00 00
 (2017-07-27 14:55:18.621411)  can0  002   [8]  00 00 00 00 00 00 00 00
 (2017-07-27 14:55:18.670949)  can0  001   [8]  00 00 00 80 00 80 00 00
 (2017-07-27 14:55:18.671462)  can0  002   [8]  00 00 00 00 00 00 00 00
 (2017-07-27 14:55:18.720980)  can0  001   [8]  00 00 00 80 00 80 00 00
 (2017-07-27 14:55:18.721495)  can0  002   [8]  00 00 00 00 00 00 00 00
 (2017-07-27 14:55:18.770973)  can0  001   [8]  00 00 00 80 00 80 00 00
 (2017-07-27 14:55:18.771484)  can0  002   [8]  00 00 00 00 00 00 00 00
 (2017-07-27 14:55:18.820995)  can0  001   [8]  00 00 00 80 00 80 00 00
 (2017-07-27 14:55:18.821516)  can0  002   [8]  00 00 00 00 00 00 00 00
 (2017-07-27 14:55:18.840826)  can0  602   [8]  40 00 10 00 00 00 00 00
 (2017-07-27 14:55:18.871062)  can0  001   [8]  00 00 00 80 00 80 00 00
 (2017-07-27 14:55:18.871572)  can0  002   [8]  00 00 00 00 00 00 00 00
 (2017-07-27 14:55:18.921059)  can0  001   [8]  00 00 00 80 00 80 00 00
 (2017-07-27 14:55:18.921581)  can0  002   [8]  00 00 00 00 00 00 00 00
 (2017-07-27 14:55:18.971095)  can0  001   [8]  00 00 00 80 00 80 00 00
 (2017-07-27 14:55:18.971603)  can0  002   [8]  00 00 00 00 00 00 00 00
 (2017-07-27 14:55:19.021086)  can0  001   [8]  00 00 00 80 00 80 00 00
 (2017-07-27 14:55:19.021611)  can0  002   [8]  00 00 00 00 00 00 00 00
 (2017-07-27 14:55:19.071124)  can0  001   [8]  00 00 00 80 00 80 00 00
 (2017-07-27 14:55:19.071633)  can0  002   [8]  00 00 00 00 00 00 00 00
 (2017-07-27 14:55:19.121184)  can0  001   [8]  00 00 00 80 00 80 00 00
 (2017-07-27 14:55:19.121650)  can0  002   [8]  00 00 00 00 00 00 00 00
 (2017-07-27 14:55:19.171171)  can0  001   [8]  00 00 00 80 00 80 00 00
 (2017-07-27 14:55:19.171674)  can0  002   [8]  00 00 00 00 00 00 00 00
 (2017-07-27 14:55:19.221111)  can0  001   [8]  00 00 00 80 00 80 00 00
 (2017-07-27 14:55:19.221628)  can0  002   [8]  00 00 00 00 00 00 00 00
 (2017-07-27 14:55:19.271197)  can0  001   [8]  00 00 00 80 00 80 00 00
 (2017-07-27 14:55:19.271711)  can0  002   [8]  00 00 00 00 00 00 00 00
 (2017-07-27 14:55:19.321220)  can0  001   [8]  00 00 00 80 00 80 00 00
 (2017-07-27 14:55:19.321738)  can0  002   [8]  00 00 00 00 00 00 00 00
 (2017-07-27 14:55:19.351097)  can0  602   [8]  40 00 10 00 00 00 00 00
 (2017-07-27 14:55:19.371242)  can0  001   [8]  00 00 00 80 00 80 00 00
 (2017-07-27 14:55:19.371751)  can0  002   [8]  00 00 00 00 00 00 00 00
 (2017-07-27 14:55:19.421257)  can0  001   [8]  00 00 00 80 00 80 00 00
 (2017-07-27 14:55:19.421777)  can0  002   [8]  00 00 00 00 00 00 00 00
 (2017-07-27 14:55:19.471300)  can0  001   [8]  00 00 00 80 00 80 00 00
 (2017-07-27 14:55:19.471806)  can0  002   [8]  00 00 00 00 00 00 00 00
 (2017-07-27 14:55:19.521284)  can0  001   [8]  00 00 00 80 00 80 00 00
 (2017-07-27 14:55:19.521809)  can0  002   [8]  00 00 00 00 00 00 00 00
 (2017-07-27 14:55:19.571341)  can0  001   [8]  00 00 00 80 00 80 00 00
 (2017-07-27 14:55:19.571852)  can0  002   [8]  00 00 00 00 00 00 00 00
 (2017-07-27 14:55:19.621314)  can0  001   [8]  00 00 00 80 00 80 00 00
 (2017-07-27 14:55:19.621835)  can0  002   [8]  00 00 00 00 00 00 00 00
 (2017-07-27 14:55:19.671369)  can0  001   [8]  00 00 00 80 00 80 00 00
 (2017-07-27 14:55:19.671878)  can0  002   [8]  00 00 00 00 00 00 00 00
 (2017-07-27 14:55:19.721378)  can0  001   [8]  00 00 00 80 00 80 00 00
 (2017-07-27 14:55:19.721890)  can0  002   [8]  00 00 00 00 00 00 00 00
 (2017-07-27 14:55:19.771419)  can0  001   [8]  00 00 00 80 00 80 00 00
 (2017-07-27 14:55:19.771933)  can0  002   [8]  00 00 00 00 00 00 00 00
 (2017-07-27 14:55:19.821407)  can0  001   [8]  00 00 00 80 00 80 00 00
 (2017-07-27 14:55:19.821933)  can0  002   [8]  00 00 00 00 00 00 00 00
 (2017-07-27 14:55:19.861282)  can0  602   [8]  40 00 10 00 00 00 00 00
 (2017-07-27 14:55:19.871388)  can0  001   [8]  00 00 00 80 00 80 00 00
 (2017-07-27 14:55:19.871903)  can0  002   [8]  00 00 00 00 00 00 00 00
 (2017-07-27 14:55:19.921443)  can0  001   [8]  00 00 00 80 00 80 00 00
 (2017-07-27 14:55:19.921968)  can0  002   [8]  00 00 00 00 00 00 00 00
 (2017-07-27 14:55:19.971475)  can0  001   [8]  00 00 00 80 00 80 00 00
 (2017-07-27 14:55:19.971984)  can0  002   [8]  00 00 00 00 00 00 00 00
 (2017-07-27 14:55:20.021495)  can0  001   [8]  00 00 00 80 00 80 00 00
 (2017-07-27 14:55:20.022016)  can0  002   [8]  00 00 00 00 00 00 00 00
 (2017-07-27 14:55:20.071526)  can0  001   [8]  00 00 00 80 00 80 00 00
 (2017-07-27 14:55:20.072034)  can0  002   [8]  00 00 00 00 00 00 00 00
 (2017-07-27 14:55:20.121529)  can0  001   [8]  00 00 00 80 00 80 00 00
 (2017-07-27 14:55:20.122049)  can0  002   [8]  00 00 00 00 00 00 00 00
 (2017-07-27 14:55:20.171586)  can0  001   [8]  00 00 00 80 00 80 00 00
 (2017-07-27 14:55:20.172101)  can0  002   [8]  00 00 00 00 00 00 00 00
 (2017-07-27 14:55:20.221556)  can0  001   [8]  00 00 00 80 00 80 00 00
 (2017-07-27 14:55:20.222072)  can0  002   [8]  00 00 00 00 00 00 00 00
 (2017-07-27 14:55:20.271543)  can0  001   [8]  00 00 00 80 00 80 00 00
 (2017-07-27 14:55:20.272059)  can0  002   [8]  00 00 00 00 00 00 00 00
 (2017-07-27 14:55:20.321615)  can0  001   [8]  00 00 00 80 00 80 00 00
 (2017-07-27 14:55:20.322136)  can0  002   [8]  00 00 00 00 00 00 00 00
 (2017-07-27 14:55:20.371441)  can0  602   [8]  40 00 10 00 00 00 00 00
 (2017-07-27 14:55:20.371968)  can0  001   [8]  00 00 00 80 00 80 00 00
 (2017-07-27 14:55:20.372487)  can0  002   [8]  00 00 00 00 00 00 00 00
 (2017-07-27 14:55:20.421648)  can0  001   [8]  00 00 00 80 00 80 00 00
 (2017-07-27 14:55:20.422173)  can0  002   [8]  00 00 00 00 00 00 00 00
 (2017-07-27 14:55:20.471621)  can0  001   [8]  00 00 00 80 00 80 00 00
 (2017-07-27 14:55:20.472145)  can0  002   [8]  00 00 00 00 00 00 00 00
 (2017-07-27 14:55:20.521688)  can0  001   [8]  00 00 00 80 00 80 00 00
 (2017-07-27 14:55:20.522212)  can0  002   [8]  00 00 00 00 00 00 00 00
 (2017-07-27 14:55:20.571731)  can0  001   [8]  00 00 00 80 00 80 00 00
 (2017-07-27 14:55:20.572251)  can0  002   [8]  00 00 00 00 00 00 00 00
 (2017-07-27 14:55:20.621755)  can0  001   [8]  00 00 00 80 00 80 00 00
 (2017-07-27 14:55:20.622240)  can0  002   [8]  00 00 00 00 00 00 00 00
 (2017-07-27 14:55:20.671773)  can0  001   [8]  00 00 00 80 00 80 00 00
 (2017-07-27 14:55:20.672286)  can0  002   [8]  00 00 00 00 00 00 00 00
 (2017-07-27 14:55:20.721736)  can0  001   [8]  00 00 00 80 00 80 00 00
 (2017-07-27 14:55:20.722251)  can0  002   [8]  00 00 00 00 00 00 00 00
 (2017-07-27 14:55:20.771789)  can0  001   [8]  00 00 00 80 00 80 00 00
 (2017-07-27 14:55:20.772309)  can0  002   [8]  00 00 00 00 00 00 00 00
 (2017-07-27 14:55:20.821809)  can0  001   [8]  00 00 00 80 00 80 00 00
 (2017-07-27 14:55:20.822328)  can0  002   [8]  00 00 00 00 00 00 00 00
 (2017-07-27 14:55:20.871835)  can0  001   [8]  00 00 00 80 00 80 00 00
 (2017-07-27 14:55:20.872351)  can0  002   [8]  00 00 00 00 00 00 00 00
 (2017-07-27 14:55:20.881695)  can0  602   [8]  40 00 10 00 00 00 00 00
 (2017-07-27 14:55:20.921847)  can0  001   [8]  00 00 00 80 00 80 00 00
 (2017-07-27 14:55:20.922372)  can0  002   [8]  00 00 00 00 00 00 00 00
 (2017-07-27 14:55:20.971878)  can0  001   [8]  00 00 00 80 00 80 00 00
 (2017-07-27 14:55:20.972396)  can0  002   [8]  00 00 00 00 00 00 00 00
 (2017-07-27 14:55:21.021891)  can0  001   [8]  00 00 00 80 00 80 00 00
 (2017-07-27 14:55:21.022410)  can0  002   [8]  00 00 00 00 00 00 00 00
 (2017-07-27 14:55:21.071938)  can0  001   [8]  00 00 00 80 00 80 00 00
 (2017-07-27 14:55:21.072454)  can0  002   [8]  00 00 00 00 00 00 00 00
 (2017-07-27 14:55:21.121898)  can0  001   [8]  00 00 00 80 00 80 00 00
 (2017-07-27 14:55:21.122419)  can0  002   [8]  00 00 00 00 00 00 00 00
 (2017-07-27 14:55:21.171956)  can0  001   [8]  00 00 00 80 00 80 00 00
 (2017-07-27 14:55:21.172477)  can0  002   [8]  00 00 00 00 00 00 00 00
 (2017-07-27 14:55:21.221986)  can0  001   [8]  00 00 00 80 00 80 00 00
 (2017-07-27 14:55:21.222508)  can0  002   [8]  00 00 00 00 00 00 00 00
 (2017-07-27 14:55:21.271997)  can0  001   [8]  00 00 00 80 00 80 00 00
 (2017-07-27 14:55:21.272480)  can0  002   [8]  00 00 00 00 00 00 00 00
 (2017-07-27 14:55:21.322064)  can0  001   [8]  00 00 00 80 00 80 00 00
 (2017-07-27 14:55:21.322555)  can0  002   [8]  00 00 00 00 00 00 00 00
 (2017-07-27 14:55:21.372070)  can0  001   [8]  00 00 00 80 00 80 00 00
 (2017-07-27 14:55:21.372556)  can0  002   [8]  00 00 00 00 00 00 00 00
 (2017-07-27 14:55:21.391952)  can0  602   [8]  40 00 10 00 00 00 00 00
 (2017-07-27 14:55:21.422103)  can0  001   [8]  00 00 00 80 00 80 00 00
 (2017-07-27 14:55:21.422588)  can0  002   [8]  00 00 00 00 00 00 00 00
 (2017-07-27 14:55:21.472120)  can0  001   [8]  00 00 00 80 00 80 00 00
 (2017-07-27 14:55:21.472590)  can0  002   [8]  00 00 00 00 00 00 00 00
 (2017-07-27 14:55:21.522165)  can0  001   [8]  00 00 00 80 00 80 00 00
 (2017-07-27 14:55:21.522652)  can0  002   [8]  00 00 00 00 00 00 00 00
 (2017-07-27 14:55:21.572182)  can0  001   [8]  00 00 00 80 00 80 00 00
 (2017-07-27 14:55:21.572676)  can0  002   [8]  00 00 00 00 00 00 00 00
 (2017-07-27 14:55:21.622121)  can0  001   [8]  00 00 00 80 00 80 00 00
 (2017-07-27 14:55:21.622625)  can0  002   [8]  00 00 00 00 00 00 00 00
 (2017-07-27 14:55:21.672210)  can0  001   [8]  00 00 00 80 00 80 00 00
 (2017-07-27 14:55:21.672703)  can0  002   [8]  00 00 00 00 00 00 00 00
 (2017-07-27 14:55:21.722225)  can0  001   [8]  00 00 00 80 00 80 00 00
 (2017-07-27 14:55:21.722723)  can0  002   [8]  00 00 00 00 00 00 00 00
 (2017-07-27 14:55:21.772227)  can0  001   [8]  00 00 00 80 00 80 00 00
 (2017-07-27 14:55:21.772743)  can0  002   [8]  00 00 00 00 00 00 00 00
 (2017-07-27 14:55:21.822257)  can0  001   [8]  00 00 00 80 00 80 00 00
 (2017-07-27 14:55:21.822760)  can0  002   [8]  00 00 00 00 00 00 00 00
 (2017-07-27 14:55:21.872346)  can0  001   [8]  00 00 00 80 00 80 00 00
 (2017-07-27 14:55:21.872790)  can0  002   [8]  00 00 00 00 00 00 00 00
 (2017-07-27 14:55:21.902112)  can0  602   [8]  40 00 10 00 00 00 00 00
 (2017-07-27 14:55:21.922332)  can0  001   [8]  00 00 00 80 00 80 00 00
 (2017-07-27 14:55:21.922791)  can0  002   [8]  00 00 00 00 00 00 00 00
 (2017-07-27 14:55:21.972360)  can0  001   [8]  00 00 00 80 00 80 00 00
 (2017-07-27 14:55:21.972834)  can0  002   [8]  00 00 00 00 00 00 00 00
 (2017-07-27 14:55:22.022357)  can0  001   [8]  00 00 00 80 00 80 00 00
 (2017-07-27 14:55:22.022839)  can0  002   [8]  00 00 00 00 00 00 00 00
 (2017-07-27 14:55:22.072343)  can0  001   [8]  00 00 00 80 00 80 00 00
 (2017-07-27 14:55:22.072858)  can0  002   [8]  00 00 00 00 00 00 00 00
 (2017-07-27 14:55:22.122405)  can0  001   [8]  00 00 00 80 00 80 00 00
 (2017-07-27 14:55:22.122882)  can0  002   [8]  00 00 00 00 00 00 00 00
 (2017-07-27 14:55:22.172384)  can0  001   [8]  00 00 00 80 00 80 00 00
 (2017-07-27 14:55:22.172902)  can0  002   [8]  00 00 00 00 00 00 00 00
 (2017-07-27 14:55:22.222479)  can0  001   [8]  00 00 00 80 00 80 00 00
 (2017-07-27 14:55:22.222934)  can0  002   [8]  00 00 00 00 00 00 00 00
 (2017-07-27 14:55:22.272439)  can0  001   [8]  00 00 00 80 00 80 00 00
 (2017-07-27 14:55:22.272922)  can0  002   [8]  00 00 00 00 00 00 00 00
 (2017-07-27 14:55:22.322455)  can0  001   [8]  00 00 00 80 00 80 00 00
 (2017-07-27 14:55:22.322937)  can0  002   [8]  00 00 00 00 00 00 00 00
 (2017-07-27 14:55:22.372392)  can0  001   [8]  00 00 00 80 00 80 00 00
 (2017-07-27 14:55:22.372888)  can0  002   [8]  00 00 00 00 00 00 00 00
 (2017-07-27 14:55:22.412458)  can0  602   [8]  40 00 10 00 00 00 00 00
 (2017-07-27 14:55:22.422508)  can0  001   [8]  00 00 00 80 00 80 00 00
 (2017-07-27 14:55:22.422978)  can0  002   [8]  00 00 00 00 00 00 00 00
 (2017-07-27 14:55:22.472506)  can0  001   [8]  00 00 00 80 00 80 00 00
 (2017-07-27 14:55:22.472992)  can0  002   [8]  00 00 00 00 00 00 00 00
 (2017-07-27 14:55:22.522609)  can0  001   [8]  00 00 00 80 00 80 00 00
 (2017-07-27 14:55:22.523028)  can0  002   [8]  00 00 00 00 00 00 00 00
 (2017-07-27 14:55:22.572558)  can0  001   [8]  00 00 00 80 00 80 00 00
 (2017-07-27 14:55:22.573048)  can0  002   [8]  00 00 00 00 00 00 00 00
 (2017-07-27 14:55:22.622504)  can0  001   [8]  00 00 00 80 00 80 00 00
 (2017-07-27 14:55:22.623008)  can0  002   [8]  00 00 00 00 00 00 00 00
 (2017-07-27 14:55:22.672586)  can0  001   [8]  00 00 00 80 00 80 00 00
 (2017-07-27 14:55:22.673076)  can0  002   [8]  00 00 00 00 00 00 00 00
 (2017-07-27 14:55:22.722728)  can0  001   [8]  00 00 00 80 00 80 00 00
 (2017-07-27 14:55:22.723127)  can0  002   [8]  00 00 00 00 00 00 00 00
 (2017-07-27 14:55:22.772639)  can0  001   [8]  00 00 00 80 00 80 00 00
 (2017-07-27 14:55:22.773130)  can0  002   [8]  00 00 00 00 00 00 00 00
 (2017-07-27 14:55:22.822628)  can0  001   [8]  00 00 00 80 00 80 00 00
 (2017-07-27 14:55:22.823124)  can0  002   [8]  00 00 00 00 00 00 00 00
 (2017-07-27 14:55:22.872633)  can0  001   [8]  00 00 00 80 00 80 00 00
 (2017-07-27 14:55:22.873155)  can0  002   [8]  00 00 00 00 00 00 00 00
 (2017-07-27 14:55:22.922484)  can0  602   [8]  40 00 10 00 00 00 00 00
 (2017-07-27 14:55:22.923003)  can0  001   [8]  00 00 00 80 00 80 00 00
 (2017-07-27 14:55:22.923519)  can0  002   [8]  00 00 00 00 00 00 00 00
 (2017-07-27 14:55:22.972661)  can0  001   [8]  00 00 00 80 00 80 00 00
 (2017-07-27 14:55:22.973181)  can0  002   [8]  00 00 00 00 00 00 00 00
 (2017-07-27 14:55:23.022702)  can0  001   [8]  00 00 00 80 00 80 00 00
 (2017-07-27 14:55:23.023218)  can0  002   [8]  00 00 00 00 00 00 00 00
 (2017-07-27 14:55:23.072742)  can0  001   [8]  00 00 00 80 00 80 00 00
 (2017-07-27 14:55:23.073255)  can0  002   [8]  00 00 00 00 00 00 00 00
 (2017-07-27 14:55:23.122753)  can0  001   [8]  00 00 00 80 00 80 00 00
 (2017-07-27 14:55:23.123248)  can0  002   [8]  00 00 00 00 00 00 00 00
 (2017-07-27 14:55:23.172812)  can0  001   [8]  00 00 00 80 00 80 00 00
 (2017-07-27 14:55:23.173298)  can0  002   [8]  00 00 00 00 00 00 00 00
 (2017-07-27 14:55:23.222795)  can0  001   [8]  00 00 00 80 00 80 00 00
 (2017-07-27 14:55:23.223306)  can0  002   [8]  00 00 00 00 00 00 00 00
 (2017-07-27 14:55:23.272853)  can0  001   [8]  00 00 00 80 00 80 00 00
 (2017-07-27 14:55:23.273346)  can0  002   [8]  00 00 00 00 00 00 00 00
 (2017-07-27 14:55:23.322902)  can0  001   [8]  00 00 00 80 00 80 00 00
 (2017-07-27 14:55:23.323380)  can0  002   [8]  00 00 00 00 00 00 00 00
 (2017-07-27 14:55:23.372936)  can0  001   [8]  00 00 00 80 00 80 00 00
 (2017-07-27 14:55:23.373439)  can0  002   [8]  00 00 00 00 00 00 00 00
 (2017-07-27 14:55:23.422954)  can0  001   [8]  00 00 00 80 00 80 00 00
 (2017-07-27 14:55:23.423440)  can0  002   [8]  00 00 00 00 00 00 00 00
 (2017-07-27 14:55:23.432839)  can0  602   [8]  40 00 10 00 00 00 00 00
 (2017-07-27 14:55:23.472973)  can0  001   [8]  00 00 00 80 00 80 00 00
 (2017-07-27 14:55:23.473437)  can0  002   [8]  00 00 00 00 00 00 00 00
 (2017-07-27 14:55:23.522931)  can0  001   [8]  00 00 00 80 00 80 00 00
 (2017-07-27 14:55:23.523448)  can0  002   [8]  00 00 00 00 00 00 00 00
 (2017-07-27 14:55:23.572889)  can0  001   [8]  00 00 00 80 00 80 00 00
 (2017-07-27 14:55:23.573408)  can0  002   [8]  00 00 00 00 00 00 00 00
 (2017-07-27 14:55:23.623043)  can0  001   [8]  00 00 00 80 00 80 00 00
 (2017-07-27 14:55:23.623518)  can0  002   [8]  00 00 00 00 00 00 00 00
 (2017-07-27 14:55:23.672993)  can0  001   [8]  00 00 00 80 00 80 00 00
 (2017-07-27 14:55:23.673514)  can0  002   [8]  00 00 00 00 00 00 00 00
 (2017-07-27 14:55:23.723000)  can0  001   [8]  00 00 00 80 00 80 00 00
 (2017-07-27 14:55:23.723515)  can0  002   [8]  00 00 00 00 00 00 00 00
 (2017-07-27 14:55:23.773039)  can0  001   [8]  00 00 00 80 00 80 00 00
 (2017-07-27 14:55:23.773536)  can0  002   [8]  00 00 00 00 00 00 00 00
 (2017-07-27 14:55:23.823143)  can0  001   [8]  00 00 00 80 00 80 00 00
 (2017-07-27 14:55:23.823618)  can0  002   [8]  00 00 00 00 00 00 00 00
 (2017-07-27 14:55:23.873136)  can0  001   [8]  00 00 00 80 00 80 00 00
 (2017-07-27 14:55:23.873615)  can0  002   [8]  00 00 00 00 00 00 00 00
 (2017-07-27 14:55:23.923090)  can0  001   [8]  00 00 00 80 00 80 00 00
 (2017-07-27 14:55:23.923605)  can0  002   [8]  00 00 00 00 00 00 00 00
 (2017-07-27 14:55:23.942921)  can0  602   [8]  40 00 10 00 00 00 00 00
 (2017-07-27 14:55:23.973052)  can0  001   [8]  00 00 00 80 00 80 00 00
 (2017-07-27 14:55:23.973571)  can0  002   [8]  00 00 00 00 00 00 00 00
 (2017-07-27 14:55:24.023135)  can0  001   [8]  00 00 00 80 00 80 00 00
 (2017-07-27 14:55:24.023639)  can0  002   [8]  00 00 00 00 00 00 00 00
 (2017-07-27 14:55:24.073151)  can0  001   [8]  00 00 00 80 00 80 00 00
 (2017-07-27 14:55:24.073670)  can0  002   [8]  00 00 00 00 00 00 00 00
 (2017-07-27 14:55:24.123202)  can0  001   [8]  00 00 00 80 00 80 00 00
 (2017-07-27 14:55:24.123690)  can0  002   [8]  00 00 00 00 00 00 00 00
 (2017-07-27 14:55:24.173240)  can0  001   [8]  00 00 00 80 00 80 00 00
 (2017-07-27 14:55:24.173721)  can0  002   [8]  00 00 00 00 00 00 00 00
 (2017-07-27 14:55:24.223255)  can0  001   [8]  00 00 00 80 00 80 00 00
 (2017-07-27 14:55:24.223730)  can0  002   [8]  00 00 00 00 00 00 00 00
 (2017-07-27 14:55:24.273257)  can0  001   [8]  00 00 00 80 00 80 00 00
 (2017-07-27 14:55:24.273753)  can0  002   [8]  00 00 00 00 00 00 00 00
 (2017-07-27 14:55:24.323271)  can0  001   [8]  00 00 00 80 00 80 00 00
 (2017-07-27 14:55:24.323781)  can0  002   [8]  00 00 00 00 00 00 00 00
 (2017-07-27 14:55:24.373303)  can0  001   [8]  00 00 00 80 00 80 00 00
 (2017-07-27 14:55:24.373787)  can0  002   [8]  00 00 00 00 00 00 00 00
 (2017-07-27 14:55:24.423302)  can0  001   [8]  00 00 00 80 00 80 00 00
 (2017-07-27 14:55:24.423810)  can0  002   [8]  00 00 00 00 00 00 00 00
 (2017-07-27 14:55:24.453157)  can0  602   [8]  40 00 10 00 00 00 00 00
 (2017-07-27 14:55:24.473305)  can0  001   [8]  00 00 00 80 00 80 00 00
 (2017-07-27 14:55:24.473815)  can0  002   [8]  00 00 00 00 00 00 00 00
 (2017-07-27 14:55:24.523344)  can0  001   [8]  00 00 00 80 00 80 00 00
 (2017-07-27 14:55:24.523845)  can0  002   [8]  00 00 00 00 00 00 00 00
 (2017-07-27 14:55:24.573359)  can0  001   [8]  00 00 00 80 00 80 00 00
 (2017-07-27 14:55:24.573876)  can0  002   [8]  00 00 00 00 00 00 00 00
 (2017-07-27 14:55:24.623377)  can0  001   [8]  00 00 00 80 00 80 00 00
 (2017-07-27 14:55:24.623892)  can0  002   [8]  00 00 00 00 00 00 00 00
 (2017-07-27 14:55:24.673402)  can0  001   [8]  00 00 00 80 00 80 00 00
 (2017-07-27 14:55:24.673923)  can0  002   [8]  00 00 00 00 00 00 00 00
 (2017-07-27 14:55:24.723393)  can0  001   [8]  00 00 00 80 00 80 00 00
 (2017-07-27 14:55:24.723895)  can0  002   [8]  00 00 00 00 00 00 00 00
 (2017-07-27 14:55:24.773436)  can0  001   [8]  00 00 00 80 00 80 00 00
 (2017-07-27 14:55:24.773955)  can0  002   [8]  00 00 00 00 00 00 00 00
 (2017-07-27 14:55:24.823476)  can0  001   [8]  00 00 00 80 00 80 00 00
 (2017-07-27 14:55:24.823985)  can0  002   [8]  00 00 00 00 00 00 00 00
 (2017-07-27 14:55:24.873482)  can0  001   [8]  00 00 00 80 00 80 00 00
 (2017-07-27 14:55:24.873987)  can0  002   [8]  00 00 00 00 00 00 00 00
 (2017-07-27 14:55:24.923498)  can0  001   [8]  00 00 00 80 00 80 00 00
 (2017-07-27 14:55:24.924004)  can0  002   [8]  00 00 00 00 00 00 00 00
 (2017-07-27 14:55:24.963367)  can0  602   [8]  40 00 10 00 00 00 00 00
 (2017-07-27 14:55:24.973481)  can0  001   [8]  00 00 00 80 00 80 00 00
 (2017-07-27 14:55:24.973999)  can0  002   [8]  00 00 00 00 00 00 00 00
 (2017-07-27 14:55:25.023557)  can0  001   [8]  00 00 00 80 00 80 00 00
 (2017-07-27 14:55:25.024067)  can0  002   [8]  00 00 00 00 00 00 00 00
 (2017-07-27 14:55:25.073551)  can0  001   [8]  00 00 00 80 00 80 00 00
 (2017-07-27 14:55:25.074070)  can0  002   [8]  00 00 00 00 00 00 00 00
 (2017-07-27 14:55:25.123600)  can0  001   [8]  00 00 00 80 00 80 00 00
 (2017-07-27 14:55:25.124110)  can0  002   [8]  00 00 00 00 00 00 00 00
 (2017-07-27 14:55:25.173622)  can0  001   [8]  00 00 00 80 00 80 00 00
 (2017-07-27 14:55:25.174106)  can0  002   [8]  00 00 00 00 00 00 00 00
 (2017-07-27 14:55:25.223624)  can0  001   [8]  00 00 00 80 00 80 00 00
 (2017-07-27 14:55:25.224125)  can0  002   [8]  00 00 00 00 00 00 00 00
 (2017-07-27 14:55:25.273635)  can0  001   [8]  00 00 00 80 00 80 00 00
 (2017-07-27 14:55:25.274160)  can0  002   [8]  00 00 00 00 00 00 00 00
 (2017-07-27 14:55:25.323668)  can0  001   [8]  00 00 00 80 00 80 00 00
 (2017-07-27 14:55:25.324179)  can0  002   [8]  00 00 00 00 00 00 00 00
 (2017-07-27 14:55:25.373727)  can0  001   [8]  00 00 00 80 00 80 00 00
 (2017-07-27 14:55:25.374200)  can0  002   [8]  00 00 00 00 00 00 00 00
 (2017-07-27 14:55:25.423779)  can0  001   [8]  00 00 00 80 00 80 00 00
 (2017-07-27 14:55:25.424246)  can0  002   [8]  00 00 00 00 00 00 00 00
 (2017-07-27 14:55:25.473626)  can0  602   [8]  40 00 10 00 00 00 00 00
 (2017-07-27 14:55:25.474104)  can0  001   [8]  00 00 00 80 00 80 00 00
 (2017-07-27 14:55:25.474614)  can0  002   [8]  00 00 00 00 00 00 00 00
 (2017-07-27 14:55:25.523819)  can0  001   [8]  00 00 00 80 00 80 00 00
 (2017-07-27 14:55:25.524275)  can0  002   [8]  00 00 00 00 00 00 00 00
 (2017-07-27 14:55:25.573754)  can0  001   [8]  00 00 00 80 00 80 00 00
 (2017-07-27 14:55:25.574235)  can0  002   [8]  00 00 00 00 00 00 00 00
 (2017-07-27 14:55:25.623826)  can0  001   [8]  00 00 00 80 00 80 00 00
 (2017-07-27 14:55:25.624297)  can0  002   [8]  00 00 00 00 00 00 00 00
 (2017-07-27 14:55:25.673827)  can0  001   [8]  00 00 00 80 00 80 00 00
 (2017-07-27 14:55:25.674322)  can0  002   [8]  00 00 00 00 00 00 00 00
 (2017-07-27 14:55:25.723876)  can0  001   [8]  00 00 00 80 00 80 00 00
 (2017-07-27 14:55:25.724357)  can0  002   [8]  00 00 00 00 00 00 00 00
 (2017-07-27 14:55:25.773835)  can0  001   [8]  00 00 00 80 00 80 00 00
 (2017-07-27 14:55:25.774330)  can0  002   [8]  00 00 00 00 00 00 00 00
 (2017-07-27 14:55:25.823878)  can0  001   [8]  00 00 00 80 00 80 00 00
 (2017-07-27 14:55:25.824390)  can0  002   [8]  00 00 00 00 00 00 00 00
 (2017-07-27 14:55:25.873965)  can0  001   [8]  00 00 00 80 00 80 00 00
 (2017-07-27 14:55:25.874442)  can0  002   [8]  00 00 00 00 00 00 00 00
 (2017-07-27 14:55:25.923985)  can0  001   [8]  00 00 00 80 00 80 00 00
 (2017-07-27 14:55:25.924449)  can0  002   [8]  00 00 00 00 00 00 00 00
 (2017-07-27 14:55:25.973914)  can0  001   [8]  00 00 00 80 00 80 00 00
 (2017-07-27 14:55:25.974406)  can0  002   [8]  00 00 00 00 00 00 00 00
 (2017-07-27 14:55:25.983696)  can0  602   [8]  40 00 10 00 00 00 00 00
 (2017-07-27 14:55:26.023912)  can0  001   [8]  00 00 00 80 00 80 00 00
 (2017-07-27 14:55:26.024436)  can0  002   [8]  00 00 00 00 00 00 00 00
 (2017-07-27 14:55:26.073877)  can0  001   [8]  00 00 00 80 00 80 00 00
 (2017-07-27 14:55:26.074398)  can0  002   [8]  00 00 00 00 00 00 00 00
 (2017-07-27 14:55:26.123947)  can0  001   [8]  00 00 00 80 00 80 00 00
 (2017-07-27 14:55:26.124474)  can0  002   [8]  00 00 00 00 00 00 00 00
 (2017-07-27 14:55:26.173910)  can0  001   [8]  00 00 00 80 00 80 00 00
 (2017-07-27 14:55:26.174432)  can0  002   [8]  00 00 00 00 00 00 00 00
 (2017-07-27 14:55:26.224000)  can0  001   [8]  00 00 00 80 00 80 00 00
 (2017-07-27 14:55:26.224516)  can0  002   [8]  00 00 00 00 00 00 00 00
 (2017-07-27 14:55:26.274025)  can0  001   [8]  00 00 00 80 00 80 00 00
 (2017-07-27 14:55:26.274547)  can0  002   [8]  00 00 00 00 00 00 00 00
 (2017-07-27 14:55:26.324025)  can0  001   [8]  00 00 00 80 00 80 00 00
 (2017-07-27 14:55:26.324551)  can0  002   [8]  00 00 00 00 00 00 00 00
 (2017-07-27 14:55:26.374052)  can0  001   [8]  00 00 00 80 00 80 00 00
 (2017-07-27 14:55:26.374574)  can0  002   [8]  00 00 00 00 00 00 00 00
 (2017-07-27 14:55:26.424092)  can0  001   [8]  00 00 00 80 00 80 00 00
 (2017-07-27 14:55:26.424614)  can0  002   [8]  00 00 00 00 00 00 00 00
 (2017-07-27 14:55:26.474084)  can0  001   [8]  00 00 00 80 00 80 00 00
 (2017-07-27 14:55:26.474604)  can0  002   [8]  00 00 00 00 00 00 00 00
 (2017-07-27 14:55:26.493962)  can0  602   [8]  40 00 10 00 00 00 00 00
 (2017-07-27 14:55:26.524098)  can0  001   [8]  00 00 00 80 00 80 00 00
 (2017-07-27 14:55:26.524623)  can0  002   [8]  00 00 00 00 00 00 00 00
 (2017-07-27 14:55:26.574142)  can0  001   [8]  00 00 00 80 00 80 00 00
 (2017-07-27 14:55:26.574664)  can0  002   [8]  00 00 00 00 00 00 00 00
 (2017-07-27 14:55:26.624150)  can0  001   [8]  00 00 00 80 00 80 00 00
 (2017-07-27 14:55:26.624679)  can0  002   [8]  00 00 00 00 00 00 00 00
 (2017-07-27 14:55:26.674237)  can0  001   [8]  00 00 00 80 00 80 00 00
 (2017-07-27 14:55:26.674725)  can0  002   [8]  00 00 00 00 00 00 00 00
 (2017-07-27 14:55:26.724267)  can0  001   [8]  00 00 00 80 00 80 00 00
 (2017-07-27 14:55:26.724758)  can0  002   [8]  00 00 00 00 00 00 00 00
 (2017-07-27 14:55:26.774301)  can0  001   [8]  00 00 00 80 00 80 00 00
 (2017-07-27 14:55:26.774789)  can0  002   [8]  00 00 00 00 00 00 00 00
 (2017-07-27 14:55:26.824269)  can0  001   [8]  00 00 00 80 00 80 00 00
 (2017-07-27 14:55:26.824792)  can0  002   [8]  00 00 00 00 00 00 00 00
 (2017-07-27 14:55:26.874237)  can0  001   [8]  00 00 00 80 00 80 00 00
 (2017-07-27 14:55:26.874750)  can0  002   [8]  00 00 00 00 00 00 00 00
 (2017-07-27 14:55:26.924322)  can0  001   [8]  00 00 00 80 00 80 00 00
 (2017-07-27 14:55:26.924841)  can0  002   [8]  00 00 00 00 00 00 00 00
 (2017-07-27 14:55:26.974324)  can0  001   [8]  00 00 00 80 00 80 00 00
 (2017-07-27 14:55:26.974828)  can0  002   [8]  00 00 00 00 00 00 00 00
 (2017-07-27 14:55:27.004207)  can0  602   [8]  40 00 10 00 00 00 00 00
 (2017-07-27 14:55:27.024359)  can0  001   [8]  00 00 00 80 00 80 00 00
 (2017-07-27 14:55:27.024879)  can0  002   [8]  00 00 00 00 00 00 00 00
 (2017-07-27 14:55:27.074318)  can0  001   [8]  00 00 00 80 00 80 00 00
 (2017-07-27 14:55:27.074839)  can0  002   [8]  00 00 00 00 00 00 00 00
 (2017-07-27 14:55:27.124400)  can0  001   [8]  00 00 00 80 00 80 00 00
 (2017-07-27 14:55:27.124922)  can0  002   [8]  00 00 00 00 00 00 00 00
 (2017-07-27 14:55:27.174415)  can0  001   [8]  00 00 00 80 00 80 00 00
 (2017-07-27 14:55:27.174925)  can0  002   [8]  00 00 00 00 00 00 00 00
 (2017-07-27 14:55:27.224447)  can0  001   [8]  00 00 00 80 00 80 00 00
 (2017-07-27 14:55:27.224965)  can0  002   [8]  00 00 00 00 00 00 00 00
 (2017-07-27 14:55:27.274444)  can0  001   [8]  00 00 00 80 00 80 00 00
 (2017-07-27 14:55:27.274931)  can0  002   [8]  00 00 00 00 00 00 00 00
 (2017-07-27 14:55:27.324472)  can0  001   [8]  00 00 00 80 00 80 00 00
 (2017-07-27 14:55:27.324990)  can0  002   [8]  00 00 00 00 00 00 00 00
 (2017-07-27 14:55:27.374508)  can0  001   [8]  00 00 00 80 00 80 00 00
 (2017-07-27 14:55:27.375019)  can0  002   [8]  00 00 00 00 00 00 00 00
 (2017-07-27 14:55:27.424505)  can0  001   [8]  00 00 00 80 00 80 00 00
 (2017-07-27 14:55:27.425029)  can0  002   [8]  00 00 00 00 00 00 00 00
 (2017-07-27 14:55:27.474543)  can0  001   [8]  00 00 00 80 00 80 00 00
 (2017-07-27 14:55:27.475051)  can0  002   [8]  00 00 00 00 00 00 00 00
 (2017-07-27 14:55:27.514370)  can0  602   [8]  40 00 10 00 00 00 00 00
 (2017-07-27 14:55:27.524565)  can0  001   [8]  00 00 00 80 00 80 00 00
 (2017-07-27 14:55:27.525085)  can0  002   [8]  00 00 00 00 00 00 00 00
 (2017-07-27 14:55:27.574531)  can0  001   [8]  00 00 00 80 00 80 00 00
 (2017-07-27 14:55:27.575047)  can0  002   [8]  00 00 00 00 00 00 00 00
 (2017-07-27 14:55:27.624596)  can0  001   [8]  00 00 00 80 00 80 00 00
 (2017-07-27 14:55:27.625119)  can0  002   [8]  00 00 00 00 00 00 00 00
 (2017-07-27 14:55:27.674639)  can0  001   [8]  00 00 00 80 00 80 00 00
 (2017-07-27 14:55:27.675153)  can0  002   [8]  00 00 00 00 00 00 00 00
 (2017-07-27 14:55:27.724640)  can0  001   [8]  00 00 00 80 00 80 00 00
 (2017-07-27 14:55:27.725154)  can0  002   [8]  00 00 00 00 00 00 00 00
 (2017-07-27 14:55:27.774678)  can0  001   [8]  00 00 00 80 00 80 00 00
 (2017-07-27 14:55:27.775200)  can0  002   [8]  00 00 00 00 00 00 00 00
 (2017-07-27 14:55:27.824685)  can0  001   [8]  00 00 00 80 00 80 00 00
 (2017-07-27 14:55:27.825199)  can0  002   [8]  00 00 00 00 00 00 00 00
 (2017-07-27 14:55:27.874700)  can0  001   [8]  00 00 00 80 00 80 00 00
 (2017-07-27 14:55:27.875209)  can0  002   [8]  00 00 00 00 00 00 00 00
 (2017-07-27 14:55:27.924708)  can0  001   [8]  00 00 00 80 00 80 00 00
 (2017-07-27 14:55:27.925224)  can0  002   [8]  00 00 00 00 00 00 00 00
 (2017-07-27 14:55:27.974744)  can0  001   [8]  00 00 00 80 00 80 00 00
 (2017-07-27 14:55:27.975251)  can0  002   [8]  00 00 00 00 00 00 00 00
 (2017-07-27 14:55:28.024621)  can0  602   [8]  40 00 10 00 00 00 00 00
 (2017-07-27 14:55:28.025138)  can0  001   [8]  00 00 00 80 00 80 00 00
 (2017-07-27 14:55:28.025653)  can0  002   [8]  00 00 00 00 00 00 00 00
 (2017-07-27 14:55:28.074779)  can0  001   [8]  00 00 00 80 00 80 00 00
 (2017-07-27 14:55:28.075293)  can0  002   [8]  00 00 00 00 00 00 00 00
 (2017-07-27 14:55:28.124804)  can0  001   [8]  00 00 00 80 00 80 00 00
 (2017-07-27 14:55:28.125321)  can0  002   [8]  00 00 00 00 00 00 00 00
 (2017-07-27 14:55:28.174856)  can0  001   [8]  00 00 00 80 00 80 00 00
 (2017-07-27 14:55:28.175339)  can0  002   [8]  00 00 00 00 00 00 00 00
 (2017-07-27 14:55:28.224861)  can0  001   [8]  00 00 00 80 00 80 00 00
 (2017-07-27 14:55:28.225376)  can0  002   [8]  00 00 00 00 00 00 00 00
 (2017-07-27 14:55:28.274890)  can0  001   [8]  00 00 00 80 00 80 00 00
 (2017-07-27 14:55:28.275394)  can0  002   [8]  00 00 00 00 00 00 00 00
 (2017-07-27 14:55:28.324879)  can0  001   [8]  00 00 00 80 00 80 00 00
 (2017-07-27 14:55:28.325398)  can0  002   [8]  00 00 00 00 00 00 00 00
 (2017-07-27 14:55:28.374884)  can0  001   [8]  00 00 00 80 00 80 00 00
 (2017-07-27 14:55:28.375405)  can0  002   [8]  00 00 00 00 00 00 00 00
 (2017-07-27 14:55:28.425017)  can0  001   [8]  00 00 00 80 00 80 00 00
 (2017-07-27 14:55:28.425469)  can0  002   [8]  00 00 00 00 00 00 00 00
 (2017-07-27 14:55:28.475012)  can0  001   [8]  00 00 00 80 00 80 00 00
 (2017-07-27 14:55:28.475472)  can0  002   [8]  00 00 00 00 00 00 00 00
 (2017-07-27 14:55:28.524915)  can0  001   [8]  00 00 00 80 00 80 00 00
 (2017-07-27 14:55:28.525431)  can0  002   [8]  00 00 00 00 00 00 00 00
 (2017-07-27 14:55:28.534796)  can0  602   [8]  40 00 10 00 00 00 00 00
 (2017-07-27 14:55:28.574940)  can0  001   [8]  00 00 00 80 00 80 00 00
 (2017-07-27 14:55:28.575470)  can0  002   [8]  00 00 00 00 00 00 00 00
 (2017-07-27 14:55:28.624978)  can0  001   [8]  00 00 00 80 00 80 00 00
 (2017-07-27 14:55:28.625501)  can0  002   [8]  00 00 00 00 00 00 00 00
 (2017-07-27 14:55:28.674973)  can0  001   [8]  00 00 00 80 00 80 00 00
 (2017-07-27 14:55:28.675497)  can0  002   [8]  00 00 00 00 00 00 00 00
 (2017-07-27 14:55:28.725010)  can0  001   [8]  00 00 00 80 00 80 00 00
 (2017-07-27 14:55:28.725534)  can0  002   [8]  00 00 00 00 00 00 00 00
 (2017-07-27 14:55:28.775025)  can0  001   [8]  00 00 00 80 00 80 00 00
 (2017-07-27 14:55:28.775541)  can0  002   [8]  00 00 00 00 00 00 00 00
 (2017-07-27 14:55:28.825074)  can0  001   [8]  00 00 00 80 00 80 00 00
 (2017-07-27 14:55:28.825575)  can0  002   [8]  00 00 00 00 00 00 00 00
 (2017-07-27 14:55:28.875085)  can0  001   [8]  00 00 00 80 00 80 00 00
 (2017-07-27 14:55:28.875606)  can0  002   [8]  00 00 00 00 00 00 00 00
 (2017-07-27 14:55:28.925088)  can0  001   [8]  00 00 00 80 00 80 00 00
 (2017-07-27 14:55:28.925606)  can0  002   [8]  00 00 00 00 00 00 00 00
 (2017-07-27 14:55:28.975114)  can0  001   [8]  00 00 00 80 00 80 00 00
 (2017-07-27 14:55:28.975639)  can0  002   [8]  00 00 00 00 00 00 00 00
 (2017-07-27 14:55:29.025146)  can0  001   [8]  00 00 00 80 00 80 00 00
 (2017-07-27 14:55:29.025667)  can0  002   [8]  00 00 00 00 00 00 00 00
 (2017-07-27 14:55:29.044918)  can0  602   [8]  40 00 10 00 00 00 00 00
 (2017-07-27 14:55:29.075149)  can0  001   [8]  00 00 00 80 00 80 00 00
 (2017-07-27 14:55:29.075667)  can0  002   [8]  00 00 00 00 00 00 00 00
 (2017-07-27 14:55:29.125172)  can0  001   [8]  00 00 00 80 00 80 00 00
 (2017-07-27 14:55:29.125690)  can0  002   [8]  00 00 00 00 00 00 00 00
 (2017-07-27 14:55:29.175183)  can0  001   [8]  00 00 00 80 00 80 00 00
 (2017-07-27 14:55:29.175706)  can0  002   [8]  00 00 00 00 00 00 00 00
 (2017-07-27 14:55:29.225219)  can0  001   [8]  00 00 00 80 00 80 00 00
 (2017-07-27 14:55:29.225740)  can0  002   [8]  00 00 00 00 00 00 00 00
 (2017-07-27 14:55:29.275234)  can0  001   [8]  00 00 00 80 00 80 00 00
 (2017-07-27 14:55:29.275758)  can0  002   [8]  00 00 00 00 00 00 00 00
 (2017-07-27 14:55:29.325296)  can0  001   [8]  00 00 00 80 00 80 00 00
 (2017-07-27 14:55:29.325812)  can0  002   [8]  00 00 00 00 00 00 00 00
 (2017-07-27 14:55:29.375259)  can0  001   [8]  00 00 00 80 00 80 00 00
 (2017-07-27 14:55:29.375775)  can0  002   [8]  00 00 00 00 00 00 00 00
 (2017-07-27 14:55:29.425357)  can0  001   [8]  00 00 00 80 00 80 00 00
 (2017-07-27 14:55:29.425871)  can0  002   [8]  00 00 00 00 00 00 00 00
 (2017-07-27 14:55:29.475349)  can0  001   [8]  00 00 00 80 00 80 00 00
 (2017-07-27 14:55:29.475872)  can0  002   [8]  00 00 00 00 00 00 00 00
